{
  message: 'Connected',
  level: 'info',
  label: 'UM',
  timestamp: '2023-06-11T15:00:48.650Z'
}
{
  message: 'Application  listening on port 5001',
  level: 'info',
  label: 'UM',
  timestamp: '2023-06-11T15:00:48.654Z'
}
{
  message: 'Connected',
  level: 'info',
  label: 'UM',
  timestamp: '2023-06-11T15:01:18.354Z'
}
{
  message: 'Application  listening on port 5001',
  level: 'info',
  label: 'UM',
  timestamp: '2023-06-11T15:01:18.358Z'
}
{
  message: 'Connected',
  level: 'info',
  label: 'UM',
  timestamp: '2023-06-11T15:03:39.559Z'
}
{
  message: 'Application  listening on port 5001',
  level: 'info',
  label: 'UM',
  timestamp: '2023-06-11T15:03:39.564Z'
}
{
  message: 'Connected',
  level: 'info',
  label: 'UM',
  timestamp: '2023-06-11T15:04:42.614Z'
}
{
  message: 'Application  listening on port 5001',
  level: 'info',
  label: 'UM',
  timestamp: '2023-06-11T15:04:42.619Z'
}
{
  message: 'Connected',
  level: 'info',
  label: 'UM',
  timestamp: '2023-06-11T15:05:24.015Z'
}
{
  message: 'Application  listening on port 5001',
  level: 'info',
  label: 'UM',
  timestamp: '2023-06-11T15:05:24.020Z'
}
{
  message: 'Connected',
  level: 'info',
  label: 'UM',
  timestamp: '2023-06-11T15:06:04.231Z'
}
{
  message: 'Application  listening on port 5001',
  level: 'info',
  label: 'UM',
  timestamp: '2023-06-11T15:06:04.236Z'
}
{
  message: 'Connected',
  level: 'info',
  label: 'UM',
  timestamp: '2023-06-11T15:06:55.559Z'
}
{
  message: 'Application  listening on port 5001',
  level: 'info',
  label: 'UM',
  timestamp: '2023-06-11T15:06:55.562Z'
}
{
  message: 'Connected',
  level: 'info',
  label: 'UM',
  timestamp: '2023-06-11T15:07:19.724Z'
}
{
  message: 'Application  listening on port 5001',
  level: 'info',
  label: 'UM',
  timestamp: '2023-06-11T15:07:19.728Z'
}
{
  message: 'Connected',
  level: 'info',
  label: 'UM',
  timestamp: '2023-06-11T15:08:21.373Z'
}
{
  message: 'Application  listening on port 5001',
  level: 'info',
  label: 'UM',
  timestamp: '2023-06-11T15:08:21.377Z'
}
{
  message: 'Connected',
  level: 'info',
  label: 'UM',
  timestamp: '2023-06-11T15:08:31.407Z'
}
{
  message: 'Application  listening on port 5001',
  level: 'info',
  label: 'UM',
  timestamp: '2023-06-11T15:08:31.412Z'
}
{
  message: 'Connected',
  level: 'info',
  label: 'UM',
  timestamp: '2023-06-11T15:09:23.000Z'
}
{
  message: 'Application  listening on port 5001',
  level: 'info',
  label: 'UM',
  timestamp: '2023-06-11T15:09:23.006Z'
}
{
  message: 'Connected',
  level: 'info',
  label: 'UM',
  timestamp: '2023-06-11T15:13:24.969Z'
}
{
  message: 'Application  listening on port 5001',
  level: 'info',
  label: 'UM',
  timestamp: '2023-06-11T15:13:24.975Z'
}
{
  message: 'Connected',
  level: 'info',
  label: 'UM',
  timestamp: '2023-06-11T15:28:31.520Z'
}
{
  message: 'Application  listening on port 5001',
  level: 'info',
  label: 'UM',
  timestamp: '2023-06-11T15:28:31.524Z'
}
{
  message: 'Connected',
  level: 'info',
  label: 'UM',
  timestamp: '2023-06-11T15:28:48.727Z'
}
{
  message: 'Application  listening on port 5001',
  level: 'info',
  label: 'UM',
  timestamp: '2023-06-11T15:28:48.735Z'
}
{
  message: 'Connected',
  level: 'info',
  label: 'UM',
  timestamp: '2023-06-11T15:29:56.061Z'
}
{
  message: 'Application  listening on port 5001',
  level: 'info',
  label: 'UM',
  timestamp: '2023-06-11T15:29:56.065Z'
}
{
  message: 'Connected',
  level: 'info',
  label: 'UM',
  timestamp: '2023-06-11T15:30:34.093Z'
}
{
  message: 'Application  listening on port 5001',
  level: 'info',
  label: 'UM',
  timestamp: '2023-06-11T15:30:34.098Z'
}
{
  message: 'Connected',
  level: 'info',
  label: 'UM',
  timestamp: '2023-06-11T15:34:04.116Z'
}
{
  message: 'Application  listening on port 5001',
  level: 'info',
  label: 'UM',
  timestamp: '2023-06-11T15:34:04.121Z'
}
{
  message: 'Connected',
  level: 'info',
  label: 'UM',
  timestamp: '2023-06-11T15:38:22.985Z'
}
{
  message: 'Application  listening on port 5001',
  level: 'info',
  label: 'UM',
  timestamp: '2023-06-11T15:38:22.989Z'
}
{
  message: 'Connected',
  level: 'info',
  label: 'UM',
  timestamp: '2023-06-11T15:39:32.309Z'
}
{
  message: 'Application  listening on port 5001',
  level: 'info',
  label: 'UM',
  timestamp: '2023-06-11T15:39:32.313Z'
}
{
  message: 'Connected',
  level: 'info',
  label: 'UM',
  timestamp: '2023-06-11T15:40:29.453Z'
}
{
  message: 'Application  listening on port 5001',
  level: 'info',
  label: 'UM',
  timestamp: '2023-06-11T15:40:29.457Z'
}
{
  message: 'Connected',
  level: 'info',
  label: 'UM',
  timestamp: '2023-06-11T15:46:07.567Z'
}
{
  message: 'Application  listening on port 5001',
  level: 'info',
  label: 'UM',
  timestamp: '2023-06-11T15:46:07.571Z'
}
{
  message: 'Connected',
  level: 'info',
  label: 'UM',
  timestamp: '2023-06-11T15:46:28.596Z'
}
{
  message: 'Application  listening on port 5001',
  level: 'info',
  label: 'UM',
  timestamp: '2023-06-11T15:46:28.601Z'
}
{
  message: 'Connected',
  level: 'info',
  label: 'UM',
  timestamp: '2023-06-11T15:49:33.111Z'
}
{
  message: 'Application  listening on port 5001',
  level: 'info',
  label: 'UM',
  timestamp: '2023-06-11T15:49:33.119Z'
}
{
  message: 'Connected',
  level: 'info',
  label: 'UM',
  timestamp: '2023-06-11T15:51:56.510Z'
}
{
  message: 'Application  listening on port 5001',
  level: 'info',
  label: 'UM',
  timestamp: '2023-06-11T15:51:56.515Z'
}
