{
  message: 'Connected',
  level: 'info',
  label: 'UM',
  timestamp: '2023-06-09T18:52:29.065Z'
}
{
  message: 'Application  listening on port 5001',
  level: 'info',
  label: 'UM',
  timestamp: '2023-06-09T18:52:29.072Z'
}
{
  message: 'Connected',
  level: 'info',
  label: 'UM',
  timestamp: '2023-06-09T18:56:34.313Z'
}
{
  message: 'Application  listening on port 5001',
  level: 'info',
  label: 'UM',
  timestamp: '2023-06-09T18:56:34.317Z'
}
{
  message: 'Connected',
  level: 'info',
  label: 'UM',
  timestamp: '2023-06-09T18:59:59.521Z'
}
{
  message: 'Application  listening on port 5001',
  level: 'info',
  label: 'UM',
  timestamp: '2023-06-09T18:59:59.525Z'
}
