{
  message: 'Connected',
  level: 'info',
  label: 'UM',
  timestamp: '2023-06-11T09:00:15.237Z'
}
{
  message: 'Application  listening on port 5001',
  level: 'info',
  label: 'UM',
  timestamp: '2023-06-11T09:00:15.241Z'
}
{
  message: 'Connected',
  level: 'info',
  label: 'UM',
  timestamp: '2023-06-11T09:00:52.816Z'
}
{
  message: 'Application  listening on port 5001',
  level: 'info',
  label: 'UM',
  timestamp: '2023-06-11T09:00:52.820Z'
}
{
  message: 'Connected',
  level: 'info',
  label: 'UM',
  timestamp: '2023-06-11T09:05:36.438Z'
}
{
  message: 'Application  listening on port 5001',
  level: 'info',
  label: 'UM',
  timestamp: '2023-06-11T09:05:36.443Z'
}
{
  message: 'Connected',
  level: 'info',
  label: 'UM',
  timestamp: '2023-06-11T09:08:08.821Z'
}
{
  message: 'Application  listening on port 5001',
  level: 'info',
  label: 'UM',
  timestamp: '2023-06-11T09:08:08.825Z'
}
{
  message: 'Connected',
  level: 'info',
  label: 'UM',
  timestamp: '2023-06-11T09:08:22.423Z'
}
{
  message: 'Application  listening on port 5001',
  level: 'info',
  label: 'UM',
  timestamp: '2023-06-11T09:08:22.428Z'
}
{
  message: 'Connected',
  level: 'info',
  label: 'UM',
  timestamp: '2023-06-11T09:09:51.446Z'
}
{
  message: 'Application  listening on port 5001',
  level: 'info',
  label: 'UM',
  timestamp: '2023-06-11T09:09:51.449Z'
}
{
  message: 'Connected',
  level: 'info',
  label: 'UM',
  timestamp: '2023-06-11T09:10:40.367Z'
}
{
  message: 'Application  listening on port 5001',
  level: 'info',
  label: 'UM',
  timestamp: '2023-06-11T09:10:40.370Z'
}
{
  message: 'Connected',
  level: 'info',
  label: 'UM',
  timestamp: '2023-06-11T09:11:02.511Z'
}
{
  message: 'Application  listening on port 5001',
  level: 'info',
  label: 'UM',
  timestamp: '2023-06-11T09:11:02.514Z'
}
{
  message: 'Connected',
  level: 'info',
  label: 'UM',
  timestamp: '2023-06-11T09:11:36.817Z'
}
{
  message: 'Application  listening on port 5001',
  level: 'info',
  label: 'UM',
  timestamp: '2023-06-11T09:11:36.821Z'
}
