{
  message: 'Connected',
  level: 'info',
  label: 'UM',
  timestamp: '2023-06-11T17:51:19.854Z'
}
{
  message: 'Application  listening on port 5001',
  level: 'info',
  label: 'UM',
  timestamp: '2023-06-11T17:51:19.861Z'
}
{
  message: 'Connected',
  level: 'info',
  label: 'UM',
  timestamp: '2023-06-11T17:54:10.251Z'
}
{
  message: 'Application  listening on port 5001',
  level: 'info',
  label: 'UM',
  timestamp: '2023-06-11T17:54:10.260Z'
}
{
  message: 'Connected',
  level: 'info',
  label: 'UM',
  timestamp: '2023-06-11T17:55:34.520Z'
}
{
  message: 'Application  listening on port 5001',
  level: 'info',
  label: 'UM',
  timestamp: '2023-06-11T17:55:34.526Z'
}
